<?xml version="1.0" encoding="UTF-8"?>
<!-- Generated by org.testng.reporters.JUnitReportReporter -->
<testsuite hostname="Jeevan" failures="0" tests="1" name="testscript.HomeTest" time="6.089" errors="0" timestamp="2025-07-30T13:23:32 IST" skipped="0">
  <testcase classname="testscript.HomeTest" name="verifyWhetherTheUserIsAbleToLogout" time="6.089"/>
</testsuite> <!-- testscript.HomeTest -->
