<?xml version="1.0" encoding="UTF-8"?>
<!-- Generated by org.testng.reporters.JUnitReportReporter -->
<testsuite hostname="Jeevan" failures="0" tests="2" name="testscript.ManageNewsTest" time="12.469" errors="0" timestamp="2025-07-30T13:27:14 IST" skipped="0">
  <testcase classname="testscript.ManageNewsTest" name="verifyWhetherUserCanSearchAddedNews" time="5.640"/>
  <testcase classname="testscript.ManageNewsTest" name="verifyWhetherUserCanAddNewNews" time="6.829"/>
</testsuite> <!-- testscript.ManageNewsTest -->
