<?xml version="1.0" encoding="UTF-8"?>
<!-- Generated by org.testng.reporters.JUnitReportReporter -->
<testsuite hostname="Jeevan" failures="0" tests="3" name="testscript.AdminUserTest" time="17.691" errors="0" timestamp="2025-07-30T13:22:26 IST" skipped="0">
  <testcase classname="testscript.AdminUserTest" name="verifyThatAdminCanReset" time="5.177"/>
  <testcase classname="testscript.AdminUserTest" name="verifyThatAdminCanSearchOnAddedUser" time="4.941"/>
  <testcase classname="testscript.AdminUserTest" name="verifyThatAdminCanAddNewUser" time="7.573"/>
</testsuite> <!-- testscript.AdminUserTest -->
