<?xml version="1.0" encoding="UTF-8"?>
<!-- Generated by org.testng.reporters.JUnitReportReporter -->
<testsuite hostname="Jeevan" failures="0" tests="2" name="testscript.LoginTest" time="8.216" errors="0" timestamp="2025-07-26T01:11:16 IST" skipped="0">
  <testcase classname="testscript.LoginTest" name="verifyLoginwithInvalidUserNameAndValidPassword" time="4.047"/>
  <testcase classname="testscript.LoginTest" name="verifyLoginWithValidUserNameAndInvalidPassword" time="4.169"/>
</testsuite> <!-- testscript.LoginTest -->
