<?xml version="1.0" encoding="UTF-8"?>
<!-- Generated by org.testng.reporters.JUnitReportReporter -->
<testsuite hostname="Jeevan" failures="0" tests="2" name="testscript.ManageNewsTest" time="14.863" errors="0" timestamp="2025-07-26T01:28:56 IST" skipped="0">
  <testcase classname="testscript.ManageNewsTest" name="searchAddedNews" time="6.298"/>
  <testcase classname="testscript.ManageNewsTest" name="addingNewNews" time="8.565"/>
</testsuite> <!-- testscript.ManageNewsTest -->
