<?xml version="1.0" encoding="UTF-8"?>
<!-- Generated by org.testng.reporters.JUnitReportReporter -->
<testsuite hostname="Jeevan" failures="0" tests="1" name="testscript.ManageCategoryTest" time="6.521" errors="0" timestamp="2025-07-30T13:24:52 IST" skipped="0">
  <testcase classname="testscript.ManageCategoryTest" name="searchingTheAddedCategory" time="6.521"/>
</testsuite> <!-- testscript.ManageCategoryTest -->
