<?xml version="1.0" encoding="UTF-8"?>
<!-- Generated by org.testng.reporters.JUnitReportReporter -->
<testsuite hostname="Jeevan" failures="0" tests="1" name="testscript.HomeTest" time="5.983" errors="0" timestamp="2025-07-26T01:28:56 IST" skipped="0">
  <testcase classname="testscript.HomeTest" name="verifyWhetherTheUserIsAbleToLogout" time="5.983"/>
</testsuite> <!-- testscript.HomeTest -->
