<?xml version="1.0" encoding="UTF-8"?>
<!-- Generated by org.testng.reporters.JUnitReportReporter -->
<testsuite hostname="Jeevan" failures="0" tests="1" name="testscript.AdminUserTest" time="13.134" errors="0" timestamp="2025-07-23T14:21:31 IST" skipped="0">
  <testcase classname="testscript.AdminUserTest" name="verifyThatAdminCanAddNewUser" time="13.134"/>
</testsuite> <!-- testscript.AdminUserTest -->
